0 info it worked if it ends with ok
1 verbose cli [ 'node', '/usr/local/bin/npm', 'run', 'dev' ]
2 info using npm@2.1.9
3 info using node@v0.10.33
4 verbose node symlink /usr/local/bin/node
5 verbose run-script [ 'predev', 'dev', 'postdev' ]
6 info predev webapp-boilerplate@1.0.0
7 info dev webapp-boilerplate@1.0.0
8 verbose unsafe-perm in lifecycle true
9 info webapp-boilerplate@1.0.0 Failed to exec dev script
10 verbose stack Error: webapp-boilerplate@1.0.0 dev: `node_modules/nodemon/bin/nodemon.js -e coffee dev.js`
10 verbose stack Exit status 1
10 verbose stack     at EventEmitter.<anonymous> (/usr/local/lib/node_modules/npm/lib/utils/lifecycle.js:212:16)
10 verbose stack     at EventEmitter.emit (events.js:98:17)
10 verbose stack     at ChildProcess.<anonymous> (/usr/local/lib/node_modules/npm/lib/utils/spawn.js:14:12)
10 verbose stack     at ChildProcess.emit (events.js:98:17)
10 verbose stack     at maybeClose (child_process.js:756:16)
10 verbose stack     at Process.ChildProcess._handle.onexit (child_process.js:823:5)
11 verbose pkgid webapp-boilerplate@1.0.0
12 verbose cwd /Users/torre/Documents/Development/hackathon/ludum dare/ld32
13 error Darwin 14.3.0
14 error argv "node" "/usr/local/bin/npm" "run" "dev"
15 error node v0.10.33
16 error npm  v2.1.9
17 error code ELIFECYCLE
18 error webapp-boilerplate@1.0.0 dev: `node_modules/nodemon/bin/nodemon.js -e coffee dev.js`
18 error Exit status 1
19 error Failed at the webapp-boilerplate@1.0.0 dev script 'node_modules/nodemon/bin/nodemon.js -e coffee dev.js'.
19 error This is most likely a problem with the webapp-boilerplate package,
19 error not with npm itself.
19 error Tell the author that this fails on your system:
19 error     node_modules/nodemon/bin/nodemon.js -e coffee dev.js
19 error You can get their info via:
19 error     npm owner ls webapp-boilerplate
19 error There is likely additional logging output above.
20 verbose exit [ 1, true ]
